2023-12-18 21:12:358 INFO  HomePage :27 - Enter username [[ChromeDriver: chrome on windows (7b08ac11b591452ca719bc9c1dce6701)] -> xpath: /html[1]/body[1]/div[1]/div[1]/div[1]/div[1]/div[1]/div[2]/div[2]/form[1]/div[1]/div[1]/div[2]/input[1]]
2023-12-18 21:12:501 INFO  HomePage :34 - Enter password [[ChromeDriver: chrome on windows (7b08ac11b591452ca719bc9c1dce6701)] -> xpath: /html[1]/body[1]/div[1]/div[1]/div[1]/div[1]/div[1]/div[2]/div[2]/form[1]/div[2]/div[1]/div[2]/input[1]]
2023-12-18 21:12:624 INFO  HomePage :40 - Click On login Button [[ChromeDriver: chrome on windows (7b08ac11b591452ca719bc9c1dce6701)] -> xpath: /html[1]/body[1]/div[1]/div[1]/div[1]/div[1]/div[1]/div[2]/div[2]/form[1]/div[3]/button[1]]
2023-12-18 21:12:453 INFO  HomePage :42 - Display logo on home Proxy element for: DefaultElementLocator 'By.xpath: //body/div[@id='app']/div[1]/div[1]/div[1]/div[1]/div[1]/img[1]'
2023-12-18 21:12:877 INFO  HomePage :27 - Enter username [[ChromeDriver: chrome on windows (765affe225cc485f62d7be0124bbf155)] -> xpath: /html[1]/body[1]/div[1]/div[1]/div[1]/div[1]/div[1]/div[2]/div[2]/form[1]/div[1]/div[1]/div[2]/input[1]]
2023-12-18 21:12:03 INFO  HomePage :34 - Enter password [[ChromeDriver: chrome on windows (765affe225cc485f62d7be0124bbf155)] -> xpath: /html[1]/body[1]/div[1]/div[1]/div[1]/div[1]/div[1]/div[2]/div[2]/form[1]/div[2]/div[1]/div[2]/input[1]]
2023-12-18 21:12:117 INFO  HomePage :40 - Click On login Button [[ChromeDriver: chrome on windows (765affe225cc485f62d7be0124bbf155)] -> xpath: /html[1]/body[1]/div[1]/div[1]/div[1]/div[1]/div[1]/div[2]/div[2]/form[1]/div[3]/button[1]]
2023-12-18 21:12:911 INFO  HomePage :27 - Enter username [[ChromeDriver: chrome on windows (c93f6ba4a278c761548d019c22f34691)] -> xpath: /html[1]/body[1]/div[1]/div[1]/div[1]/div[1]/div[1]/div[2]/div[2]/form[1]/div[1]/div[1]/div[2]/input[1]]
2023-12-18 21:12:00 INFO  HomePage :34 - Enter password [[ChromeDriver: chrome on windows (c93f6ba4a278c761548d019c22f34691)] -> xpath: /html[1]/body[1]/div[1]/div[1]/div[1]/div[1]/div[1]/div[2]/div[2]/form[1]/div[2]/div[1]/div[2]/input[1]]
2023-12-18 21:12:104 INFO  HomePage :40 - Click On login Button [[ChromeDriver: chrome on windows (c93f6ba4a278c761548d019c22f34691)] -> xpath: /html[1]/body[1]/div[1]/div[1]/div[1]/div[1]/div[1]/div[2]/div[2]/form[1]/div[3]/button[1]]
2023-12-18 21:12:324 INFO  DashboardPage :28 - Enter Profile Photo [[ChromeDriver: chrome on windows (c93f6ba4a278c761548d019c22f34691)] -> xpath: (//img[@class='oxd-userdropdown-img'])[1]]
2023-12-18 21:12:493 INFO  DashboardPage :32 - Click On logout [[ChromeDriver: chrome on windows (c93f6ba4a278c761548d019c22f34691)] -> xpath: (//a[normalize-space()='Logout'])[1]]
2023-12-18 21:12:772 INFO  DashboardPage :36 - Getting loginpanel [[ChromeDriver: chrome on windows (c93f6ba4a278c761548d019c22f34691)] -> xpath: (//h5[normalize-space()='Login'])[1]]
2023-12-18 21:12:299 INFO  HomePage :27 - Enter username [[ChromeDriver: chrome on windows (9922da2dc8b6f01a38f9e8c140df2a7f)] -> xpath: /html[1]/body[1]/div[1]/div[1]/div[1]/div[1]/div[1]/div[2]/div[2]/form[1]/div[1]/div[1]/div[2]/input[1]]
2023-12-18 21:12:487 INFO  HomePage :34 - Enter password [[ChromeDriver: chrome on windows (9922da2dc8b6f01a38f9e8c140df2a7f)] -> xpath: /html[1]/body[1]/div[1]/div[1]/div[1]/div[1]/div[1]/div[2]/div[2]/form[1]/div[2]/div[1]/div[2]/input[1]]
2023-12-18 21:12:598 INFO  HomePage :40 - Click On login Button [[ChromeDriver: chrome on windows (9922da2dc8b6f01a38f9e8c140df2a7f)] -> xpath: /html[1]/body[1]/div[1]/div[1]/div[1]/div[1]/div[1]/div[2]/div[2]/form[1]/div[3]/button[1]]
2023-12-18 21:12:235 INFO  HomePage :47 - Getting error message Proxy element for: DefaultElementLocator 'By.xpath: (//span[@class='oxd-text oxd-text--span oxd-input-field-error-message oxd-input-group__message'][normalize-space()='Required'])[1]'
2023-12-18 21:12:82 INFO  HomePage :27 - Enter username [[ChromeDriver: chrome on windows (defcd75bb96793059892932e005d61d2)] -> xpath: /html[1]/body[1]/div[1]/div[1]/div[1]/div[1]/div[1]/div[2]/div[2]/form[1]/div[1]/div[1]/div[2]/input[1]]
2023-12-18 21:12:231 INFO  HomePage :34 - Enter password [[ChromeDriver: chrome on windows (defcd75bb96793059892932e005d61d2)] -> xpath: /html[1]/body[1]/div[1]/div[1]/div[1]/div[1]/div[1]/div[2]/div[2]/form[1]/div[2]/div[1]/div[2]/input[1]]
2023-12-18 21:12:356 INFO  HomePage :40 - Click On login Button [[ChromeDriver: chrome on windows (defcd75bb96793059892932e005d61d2)] -> xpath: /html[1]/body[1]/div[1]/div[1]/div[1]/div[1]/div[1]/div[2]/div[2]/form[1]/div[3]/button[1]]
2023-12-18 21:12:57 INFO  HomePage :47 - Getting error message Proxy element for: DefaultElementLocator 'By.xpath: (//span[@class='oxd-text oxd-text--span oxd-input-field-error-message oxd-input-group__message'][normalize-space()='Required'])[1]'
2023-12-18 22:12:180 INFO  HomePage :27 - Enter username [[ChromeDriver: chrome on windows (864ffae966d9fa807ada143f63eebcb5)] -> xpath: /html[1]/body[1]/div[1]/div[1]/div[1]/div[1]/div[1]/div[2]/div[2]/form[1]/div[1]/div[1]/div[2]/input[1]]
2023-12-18 22:12:300 INFO  HomePage :34 - Enter password [[ChromeDriver: chrome on windows (864ffae966d9fa807ada143f63eebcb5)] -> xpath: /html[1]/body[1]/div[1]/div[1]/div[1]/div[1]/div[1]/div[2]/div[2]/form[1]/div[2]/div[1]/div[2]/input[1]]
2023-12-18 22:12:437 INFO  HomePage :40 - Click On login Button [[ChromeDriver: chrome on windows (864ffae966d9fa807ada143f63eebcb5)] -> xpath: /html[1]/body[1]/div[1]/div[1]/div[1]/div[1]/div[1]/div[2]/div[2]/form[1]/div[3]/button[1]]
2023-12-18 22:12:52 INFO  HomePage :47 - Getting error message Proxy element for: DefaultElementLocator 'By.xpath: (//span[@class='oxd-text oxd-text--span oxd-input-field-error-message oxd-input-group__message'][normalize-space()='Required'])[1]'
2023-12-18 22:12:970 INFO  HomePage :27 - Enter username [[ChromeDriver: chrome on windows (c02575e52c16c73b4cf616decaf69164)] -> xpath: /html[1]/body[1]/div[1]/div[1]/div[1]/div[1]/div[1]/div[2]/div[2]/form[1]/div[1]/div[1]/div[2]/input[1]]
2023-12-18 22:12:87 INFO  HomePage :34 - Enter password [[ChromeDriver: chrome on windows (c02575e52c16c73b4cf616decaf69164)] -> xpath: /html[1]/body[1]/div[1]/div[1]/div[1]/div[1]/div[1]/div[2]/div[2]/form[1]/div[2]/div[1]/div[2]/input[1]]
2023-12-18 22:12:234 INFO  HomePage :40 - Click On login Button [[ChromeDriver: chrome on windows (c02575e52c16c73b4cf616decaf69164)] -> xpath: /html[1]/body[1]/div[1]/div[1]/div[1]/div[1]/div[1]/div[2]/div[2]/form[1]/div[3]/button[1]]
2023-12-18 22:12:794 INFO  HomePage :47 - Getting error message Proxy element for: DefaultElementLocator 'By.xpath: (//span[@class='oxd-text oxd-text--span oxd-input-field-error-message oxd-input-group__message'][normalize-space()='Required'])[1]'
2023-12-18 22:12:360 INFO  HomePage :27 - Enter username [[ChromeDriver: chrome on windows (a55885d51b817675913c568249c1a9a8)] -> xpath: /html[1]/body[1]/div[1]/div[1]/div[1]/div[1]/div[1]/div[2]/div[2]/form[1]/div[1]/div[1]/div[2]/input[1]]
2023-12-18 22:12:484 INFO  HomePage :34 - Enter password [[ChromeDriver: chrome on windows (a55885d51b817675913c568249c1a9a8)] -> xpath: /html[1]/body[1]/div[1]/div[1]/div[1]/div[1]/div[1]/div[2]/div[2]/form[1]/div[2]/div[1]/div[2]/input[1]]
2023-12-18 22:12:619 INFO  HomePage :40 - Click On login Button [[ChromeDriver: chrome on windows (a55885d51b817675913c568249c1a9a8)] -> xpath: /html[1]/body[1]/div[1]/div[1]/div[1]/div[1]/div[1]/div[2]/div[2]/form[1]/div[3]/button[1]]
2023-12-18 22:12:792 INFO  AdminPage :26 - Click on Admin [[ChromeDriver: chrome on windows (a55885d51b817675913c568249c1a9a8)] -> xpath: /html[1]/body[1]/div[1]/div[1]/div[1]/aside[1]/nav[1]/div[2]/ul[1]/li[1]/a[1]]
2023-12-18 22:12:153 INFO  AdminPage :36 - Click on Add Button [[ChromeDriver: chrome on windows (a55885d51b817675913c568249c1a9a8)] -> css selector: button[class='oxd-button oxd-button--medium oxd-button--secondary']]
2023-12-18 22:12:639 INFO  AddUserPage :57 - Select user Role Proxy element for: DefaultElementLocator 'By.xpath: //div[@class='oxd-grid-4 orangehrm-full-width-grid']/div[2]/div/div[2]/div/div/div[2]/i'
2023-12-18 22:12:353 INFO  HomePage :27 - Enter username [[ChromeDriver: chrome on windows (4d795ea0f2051ded85375e303f34d461)] -> xpath: /html[1]/body[1]/div[1]/div[1]/div[1]/div[1]/div[1]/div[2]/div[2]/form[1]/div[1]/div[1]/div[2]/input[1]]
2023-12-18 22:12:442 INFO  HomePage :34 - Enter password [[ChromeDriver: chrome on windows (4d795ea0f2051ded85375e303f34d461)] -> xpath: /html[1]/body[1]/div[1]/div[1]/div[1]/div[1]/div[1]/div[2]/div[2]/form[1]/div[2]/div[1]/div[2]/input[1]]
2023-12-18 22:12:562 INFO  HomePage :40 - Click On login Button [[ChromeDriver: chrome on windows (4d795ea0f2051ded85375e303f34d461)] -> xpath: /html[1]/body[1]/div[1]/div[1]/div[1]/div[1]/div[1]/div[2]/div[2]/form[1]/div[3]/button[1]]
2023-12-18 22:12:785 INFO  AdminPage :26 - Click on Admin [[ChromeDriver: chrome on windows (4d795ea0f2051ded85375e303f34d461)] -> xpath: /html[1]/body[1]/div[1]/div[1]/div[1]/aside[1]/nav[1]/div[2]/ul[1]/li[1]/a[1]]
2023-12-18 22:12:781 INFO  HomePage :27 - Enter username [[ChromeDriver: chrome on windows (239e0ff16db9ab331bf57fd3c4b000ec)] -> xpath: /html[1]/body[1]/div[1]/div[1]/div[1]/div[1]/div[1]/div[2]/div[2]/form[1]/div[1]/div[1]/div[2]/input[1]]
2023-12-18 22:12:897 INFO  HomePage :34 - Enter password [[ChromeDriver: chrome on windows (239e0ff16db9ab331bf57fd3c4b000ec)] -> xpath: /html[1]/body[1]/div[1]/div[1]/div[1]/div[1]/div[1]/div[2]/div[2]/form[1]/div[2]/div[1]/div[2]/input[1]]
2023-12-18 22:12:40 INFO  HomePage :40 - Click On login Button [[ChromeDriver: chrome on windows (239e0ff16db9ab331bf57fd3c4b000ec)] -> xpath: /html[1]/body[1]/div[1]/div[1]/div[1]/div[1]/div[1]/div[2]/div[2]/form[1]/div[3]/button[1]]
2023-12-18 22:12:204 INFO  AdminPage :26 - Click on Admin [[ChromeDriver: chrome on windows (239e0ff16db9ab331bf57fd3c4b000ec)] -> xpath: /html[1]/body[1]/div[1]/div[1]/div[1]/aside[1]/nav[1]/div[2]/ul[1]/li[1]/a[1]]
2023-12-18 22:12:847 INFO  HomePage :27 - Enter username [[ChromeDriver: chrome on windows (4f37cc6dfad33dbf8483b5220db9c203)] -> xpath: /html[1]/body[1]/div[1]/div[1]/div[1]/div[1]/div[1]/div[2]/div[2]/form[1]/div[1]/div[1]/div[2]/input[1]]
2023-12-18 22:12:943 INFO  HomePage :34 - Enter password [[ChromeDriver: chrome on windows (4f37cc6dfad33dbf8483b5220db9c203)] -> xpath: /html[1]/body[1]/div[1]/div[1]/div[1]/div[1]/div[1]/div[2]/div[2]/form[1]/div[2]/div[1]/div[2]/input[1]]
2023-12-18 22:12:69 INFO  HomePage :40 - Click On login Button [[ChromeDriver: chrome on windows (4f37cc6dfad33dbf8483b5220db9c203)] -> xpath: /html[1]/body[1]/div[1]/div[1]/div[1]/div[1]/div[1]/div[2]/div[2]/form[1]/div[3]/button[1]]
2023-12-18 22:12:242 INFO  AdminPage :26 - Click on Admin [[ChromeDriver: chrome on windows (4f37cc6dfad33dbf8483b5220db9c203)] -> xpath: /html[1]/body[1]/div[1]/div[1]/div[1]/aside[1]/nav[1]/div[2]/ul[1]/li[1]/a[1]]
2023-12-18 22:12:920 INFO  HomePage :27 - Enter username [[ChromeDriver: chrome on windows (054a8963806a63b86382dc295551b0e9)] -> xpath: /html[1]/body[1]/div[1]/div[1]/div[1]/div[1]/div[1]/div[2]/div[2]/form[1]/div[1]/div[1]/div[2]/input[1]]
2023-12-18 22:12:18 INFO  HomePage :34 - Enter password [[ChromeDriver: chrome on windows (054a8963806a63b86382dc295551b0e9)] -> xpath: /html[1]/body[1]/div[1]/div[1]/div[1]/div[1]/div[1]/div[2]/div[2]/form[1]/div[2]/div[1]/div[2]/input[1]]
2023-12-18 22:12:141 INFO  HomePage :40 - Click On login Button [[ChromeDriver: chrome on windows (054a8963806a63b86382dc295551b0e9)] -> xpath: /html[1]/body[1]/div[1]/div[1]/div[1]/div[1]/div[1]/div[2]/div[2]/form[1]/div[3]/button[1]]
2023-12-18 22:12:311 INFO  AdminPage :26 - Click on Admin [[ChromeDriver: chrome on windows (054a8963806a63b86382dc295551b0e9)] -> xpath: /html[1]/body[1]/div[1]/div[1]/div[1]/aside[1]/nav[1]/div[2]/ul[1]/li[1]/a[1]]
2023-12-18 22:12:985 INFO  HomePage :27 - Enter username [[ChromeDriver: chrome on windows (e13bca8bcaff8d5bcf94ae8d21e13261)] -> xpath: /html[1]/body[1]/div[1]/div[1]/div[1]/div[1]/div[1]/div[2]/div[2]/form[1]/div[1]/div[1]/div[2]/input[1]]
2023-12-18 22:12:80 INFO  HomePage :34 - Enter password [[ChromeDriver: chrome on windows (e13bca8bcaff8d5bcf94ae8d21e13261)] -> xpath: /html[1]/body[1]/div[1]/div[1]/div[1]/div[1]/div[1]/div[2]/div[2]/form[1]/div[2]/div[1]/div[2]/input[1]]
2023-12-18 22:12:176 INFO  HomePage :40 - Click On login Button [[ChromeDriver: chrome on windows (e13bca8bcaff8d5bcf94ae8d21e13261)] -> xpath: /html[1]/body[1]/div[1]/div[1]/div[1]/div[1]/div[1]/div[2]/div[2]/form[1]/div[3]/button[1]]
2023-12-18 22:12:274 INFO  AdminPage :26 - Click on Admin [[ChromeDriver: chrome on windows (e13bca8bcaff8d5bcf94ae8d21e13261)] -> xpath: /html[1]/body[1]/div[1]/div[1]/div[1]/aside[1]/nav[1]/div[2]/ul[1]/li[1]/a[1]]
2023-12-18 22:12:619 INFO  HomePage :27 - Enter username [[ChromeDriver: chrome on windows (36806041b0cc20ba79a664c9bf80a767)] -> xpath: /html[1]/body[1]/div[1]/div[1]/div[1]/div[1]/div[1]/div[2]/div[2]/form[1]/div[1]/div[1]/div[2]/input[1]]
2023-12-18 22:12:717 INFO  HomePage :34 - Enter password [[ChromeDriver: chrome on windows (36806041b0cc20ba79a664c9bf80a767)] -> xpath: /html[1]/body[1]/div[1]/div[1]/div[1]/div[1]/div[1]/div[2]/div[2]/form[1]/div[2]/div[1]/div[2]/input[1]]
2023-12-18 22:12:872 INFO  HomePage :40 - Click On login Button [[ChromeDriver: chrome on windows (36806041b0cc20ba79a664c9bf80a767)] -> xpath: /html[1]/body[1]/div[1]/div[1]/div[1]/div[1]/div[1]/div[2]/div[2]/form[1]/div[3]/button[1]]
2023-12-18 22:12:134 INFO  AdminPage :26 - Click on Admin [[ChromeDriver: chrome on windows (36806041b0cc20ba79a664c9bf80a767)] -> xpath: /html[1]/body[1]/div[1]/div[1]/div[1]/aside[1]/nav[1]/div[2]/ul[1]/li[1]/a[1]]
